-------------------------------------------------------------------------------
Test set: limeapp.InMemoryDBIntegrationTest
-------------------------------------------------------------------------------
Tests run: 1, Failures: 0, Errors: 1, Skipped: 0, Time elapsed: 0.001 s <<< FAILURE! - in limeapp.InMemoryDBIntegrationTest
initializationError(limeapp.InMemoryDBIntegrationTest)  Time elapsed: 0 s  <<< ERROR!
java.lang.Exception: No runnable methods

