-------------------------------------------------------------------------------
Test set: limeapp.HibernateUtilTests
-------------------------------------------------------------------------------
Tests run: 1, Failures: 0, Errors: 1, Skipped: 0, Time elapsed: 0.28 s <<< FAILURE! - in limeapp.HibernateUtilTests
testRetreiveObject(limeapp.HibernateUtilTests)  Time elapsed: 0 s  <<< ERROR!
java.lang.IllegalStateException: Failed to load ApplicationContext
Caused by: org.springframework.beans.factory.BeanDefinitionStoreException: Failed to parse configuration class [limeapp.Application]; nested exception is java.io.FileNotFoundException: Could not open ServletContext resource [/persistence-booking.properties]
Caused by: java.io.FileNotFoundException: Could not open ServletContext resource [/persistence-booking.properties]

