-------------------------------------------------------------------------------
Test set: limeapp.BookingControllerTests
-------------------------------------------------------------------------------
Tests run: 4, Failures: 0, Errors: 4, Skipped: 0, Time elapsed: 4.51 s <<< FAILURE! - in limeapp.BookingControllerTests
givenUserExists_whenUserInfoIsRetrieved_thenJSONIsReceived(limeapp.BookingControllerTests)  Time elapsed: 0 s  <<< ERROR!
java.lang.IllegalStateException: Failed to load ApplicationContext
Caused by: org.springframework.beans.factory.BeanDefinitionStoreException: Failed to parse configuration class [limeapp.Application]; nested exception is java.io.FileNotFoundException: Could not open ServletContext resource [/persistence-booking.properties]
Caused by: java.io.FileNotFoundException: Could not open ServletContext resource [/persistence-booking.properties]

paramBookingShouldReturnTailoredMessage(limeapp.BookingControllerTests)  Time elapsed: 0 s  <<< ERROR!
java.lang.IllegalStateException: Failed to load ApplicationContext
Caused by: org.springframework.beans.factory.BeanDefinitionStoreException: Failed to parse configuration class [limeapp.Application]; nested exception is java.io.FileNotFoundException: Could not open ServletContext resource [/persistence-booking.properties]
Caused by: java.io.FileNotFoundException: Could not open ServletContext resource [/persistence-booking.properties]

givenUserDoesNotExists_whenUserInfoIsRetrieved_then404IsReceived(limeapp.BookingControllerTests)  Time elapsed: 0 s  <<< ERROR!
java.lang.IllegalStateException: Failed to load ApplicationContext
Caused by: org.springframework.beans.factory.BeanDefinitionStoreException: Failed to parse configuration class [limeapp.Application]; nested exception is java.io.FileNotFoundException: Could not open ServletContext resource [/persistence-booking.properties]
Caused by: java.io.FileNotFoundException: Could not open ServletContext resource [/persistence-booking.properties]

noParamBookingShouldReturnDefaultMessage(limeapp.BookingControllerTests)  Time elapsed: 0 s  <<< ERROR!
java.lang.IllegalStateException: Failed to load ApplicationContext
Caused by: org.springframework.beans.factory.BeanDefinitionStoreException: Failed to parse configuration class [limeapp.Application]; nested exception is java.io.FileNotFoundException: Could not open ServletContext resource [/persistence-booking.properties]
Caused by: java.io.FileNotFoundException: Could not open ServletContext resource [/persistence-booking.properties]

